<?xml version="1.0" encoding="UTF-8"?>
<!-- Generated by org.testng.reporters.JUnitReportReporter -->
<testsuite skipped="0" hostname="MacBook-Pro-2.local" name="test.menu.Lateral" tests="1" failures="0" timestamp="11 nov 2017 01:31:01 GMT" time="0.004" errors="0">
  <testcase name="validarTextLinks" time="0.004" classname="test.menu.Lateral"/>
</testsuite> <!-- test.menu.Lateral -->
