<?xml version="1.0" encoding="UTF-8"?>
<!-- Generated by org.testng.reporters.JUnitReportReporter -->
<testsuite skipped="0" hostname="MacBook-Pro-2.local" name="test.registro.ValidarCampos" tests="1" failures="0" timestamp="11 nov 2017 01:30:29 GMT" time="0.007" errors="0">
  <testcase name="f" time="0.007" classname="test.registro.ValidarCampos"/>
</testsuite> <!-- test.registro.ValidarCampos -->
