<?xml version="1.0" encoding="UTF-8"?>
<!-- Generated by org.testng.reporters.JUnitReportReporter -->
<testsuite skipped="0" hostname="MacBook-Pro-2.local" name="test.registro.Registrar" tests="1" failures="0" timestamp="11 nov 2017 01:30:29 GMT" time="8.101" errors="0">
  <testcase name="f" time="8.101" classname="test.registro.Registrar"/>
</testsuite> <!-- test.registro.Registrar -->
