<?xml version="1.0" encoding="UTF-8"?>
<!-- Generated by org.testng.reporters.JUnitReportReporter -->
<testsuite skipped="0" hostname="MacBook-Pro-2.local" name="test.reservarvuelo.ReservarByCruises" tests="4" failures="0" timestamp="11 nov 2017 02:19:29 GMT" time="18.694" errors="0">
  <testcase name="reservarVuelo" time="5.399" classname="test.reservarvuelo.ReservarByCruises"/>
  <testcase name="buscarVuelos" time="3.369" classname="test.reservarvuelo.ReservarByCruises"/>
  <testcase name="f" time="8.627" classname="test.reservarvuelo.ReservarByCruises"/>
  <testcase name="seleccionarVuelo" time="1.299" classname="test.reservarvuelo.ReservarByCruises"/>
</testsuite> <!-- test.reservarvuelo.ReservarByCruises -->
